Mon May 15 10:22:43 PHT 2023 : Apache Derby Network Server - 10.11.1.2 - (1629631) started and ready to accept connections on port 1527
----------------------------------------------------------------
Mon May 15 10:22:44 PHT 2023:
Booting Derby version The Apache Software Foundation - Apache Derby - 10.11.1.2 - (1629631): instance a816c00e-0188-1d37-9c8f-fffff311e7f4 
on database directory /home/clezentine/NetBeansProjects/LibrarySystem/Database/accounts with class loader sun.misc.Launcher$AppClassLoader@6f94fa3e 
Loaded from file:/home/clezentine/NetBeansJDKs/jdk1.8.0_131/db/lib/derby.jar
java.vendor=Oracle Corporation
java.runtime.version=1.8.0_131-b11
user.dir=/home/clezentine/NetBeansJDKs/jdk1.8.0_131/db
os.name=Linux
os.arch=amd64
os.version=5.10.0-21-amd64
derby.system.home=/home/clezentine/NetBeansProjects/LibrarySystem/Database
Database Class Loader started - derby.database.classpath=''
----------------------------------------------------------------
Mon May 15 10:22:47 PHT 2023:
Booting Derby version The Apache Software Foundation - Apache Derby - 10.11.1.2 - (1629631): instance d89d8024-0188-1d37-9c8f-fffff311e7f4 
on database directory /home/clezentine/NetBeansProjects/LibrarySystem/Database/books with class loader sun.misc.Launcher$AppClassLoader@6f94fa3e 
Loaded from file:/home/clezentine/NetBeansJDKs/jdk1.8.0_131/db/lib/derby.jar
java.vendor=Oracle Corporation
java.runtime.version=1.8.0_131-b11
user.dir=/home/clezentine/NetBeansJDKs/jdk1.8.0_131/db
os.name=Linux
os.arch=amd64
os.version=5.10.0-21-amd64
derby.system.home=/home/clezentine/NetBeansProjects/LibrarySystem/Database
Database Class Loader started - derby.database.classpath=''
